<?xml version="1.0" encoding="UTF-8"?>
<!-- Generated by org.testng.reporters.JUnitReportReporter -->
<testsuite hostname="BHUKRK587198L" failures="0" tests="2" name="com.flipkart.base.PropertyConfiguratorDemo" time="0.007" errors="0" timestamp="2022-07-08T09:32:48 IST" skipped="0">
  <testcase classname="com.flipkart.base.PropertyConfiguratorDemo" name="test2" time="0.004"/>
  <system-out/>
  <testcase classname="com.flipkart.base.PropertyConfiguratorDemo" name="test1" time="0.003"/>
  <system-out/>
</testsuite> <!-- com.flipkart.base.PropertyConfiguratorDemo -->
