<?xml version="1.0" encoding="UTF-8"?>
<!-- Generated by org.testng.reporters.JUnitReportReporter -->
<testsuite hostname="BHUKRK587198L" failures="0" tests="3" name="com.flipkart.testscenarios.Placeorder" time="15.341" errors="0" timestamp="2022-07-07T11:17:45 IST" skipped="0">
  <testcase classname="com.flipkart.testscenarios.Placeorder" name="loginTest" time="7.787"/>
  <system-out/>
  <testcase classname="com.flipkart.testscenarios.Placeorder" name="searchProductTest" time="5.529"/>
  <system-out/>
  <testcase classname="com.flipkart.testscenarios.Placeorder" name="selectProductTest" time="2.025"/>
  <system-out/>
</testsuite> <!-- com.flipkart.testscenarios.Placeorder -->
